{
  "RSpec": {
    "coverage": {
      "/Users/petra/Google Drive/projects/challenges/pairs/pair-bookmark-manager/bookmark-manager3/spec/bookmarks_spec.rb": [
        null,
        null,
        1,
        null,
        1,
        1,
        null,
        1,
        1,
        null,
        1,
        1,
        1,
        null,
        1,
        null,
        1,
        1,
        1,
        null,
        null,
        null
      ],
      "/Users/petra/Google Drive/projects/challenges/pairs/pair-bookmark-manager/bookmark-manager3/spec/features/features_spec.rb": [
        null,
        null,
        1,
        1,
        1,
        null,
        1,
        1,
        1,
        null,
        1,
        null,
        1,
        1,
        1,
        1,
        null,
        null,
        1,
        1,
        1,
        1,
        1,
        null,
        1,
        null,
        null,
        null,
        null
      ]
    },
    "timestamp": 1560956371
  }
}
